<?xml version="1.0" encoding="UTF-8"?>
<!-- Generated by org.testng.reporters.JUnitReportReporter -->
<testsuite hostname="DESKTOP-CGB0ISB" failures="0" tests="1" name="testCases.TC002_CartTest" time="17.790" errors="0" timestamp="2025-08-17T13:30:39 IST" skipped="0">
  <testcase classname="testCases.TC002_CartTest" name="verifyAddToCart" time="17.790"/>
</testsuite> <!-- testCases.TC002_CartTest -->
